<?xml version="1.0" encoding="UTF-8"?>
<!-- Generated by org.testng.reporters.JUnitXMLReporter -->
<testsuite ignored="0" hostname="DESKTOP-68P3RKI" failures="0" tests="5" name="Default test" time="23.2" errors="0" timestamp="2022-08-13T21:09:42 IST">
  <testcase classname="com.telus.testcases.RegisterDemoEndToEnd" name="launchApplication" time="12.518"/>
  <testcase classname="com.telus.testcases.RegisterDemoEndToEnd" name="navigateToRegistrationForm" time="6.234"/>
  <testcase classname="com.telus.testcases.RegisterDemoEndToEnd" name="registerNewUser" time="4.15"/>
  <testcase classname="com.telus.testcases.RegisterDemoEndToEnd" name="succMsgValidation" time="0.059"/>
  <testcase classname="com.telus.testcases.RegisterDemoEndToEnd" name="closeApplication" time="0.179"/>
</testsuite> <!-- Default test -->
