<?xml version="1.0" encoding="UTF-8"?>
<!-- Generated by org.testng.reporters.JUnitXMLReporter -->
<testsuite ignored="0" hostname="DESKTOP-68P3RKI" failures="0" tests="5" name="RegisterDemoTest" time="18.651" errors="0" timestamp="2022-08-13T23:33:21 IST">
  <testcase classname="com.telus.testcases.RegisterDemoEndToEnd" name="launchApplication" time="12.078"/>
  <testcase classname="com.telus.testcases.RegisterDemoEndToEnd" name="navigateToRegistrationForm" time="2.368"/>
  <testcase classname="com.telus.testcases.RegisterDemoEndToEnd" name="registerNewUser" time="3.999"/>
  <testcase classname="com.telus.testcases.RegisterDemoEndToEnd" name="succMsgValidation" time="0.049"/>
  <testcase classname="com.telus.testcases.RegisterDemoEndToEnd" name="closeApplication" time="0.097"/>
</testsuite> <!-- RegisterDemoTest -->
